<?xml version="1.0" encoding="UTF-8"?>
<!-- Generated by org.testng.reporters.JUnitReportReporter -->
<testsuite hostname="DESKTOP-1DI076E" failures="0" tests="1" name="com.testclasses.LoginTest" time="20.809" errors="0" timestamp="2023-10-20T19:06:03 IST" skipped="0">
  <testcase classname="com.testclasses.LoginTest" name="loginTest" time="20.809"/>
  <system-out/>
</testsuite> <!-- com.testclasses.LoginTest -->
